<?xml version="1.0" encoding="UTF-8"?>
<coverage generated="1735588791478" clover="3.2.0">
  <project timestamp="1735588791478" name="All files">
    <metrics statements="40" coveredstatements="40" conditionals="9" coveredconditionals="9" methods="8" coveredmethods="8" elements="57" coveredelements="57" complexity="0" loc="40" ncloc="40" packages="1" files="2" classes="2"/>
    <file name="add.js" path="/Users/younghyun/projects/tdd-exercise/src/add.js">
      <metrics statements="5" coveredstatements="5" conditionals="1" coveredconditionals="1" methods="1" coveredmethods="1"/>
      <line num="1" count="1" type="cond" truecount="1" falsecount="0"/>
      <line num="2" count="1" type="stmt"/>
      <line num="3" count="1" type="stmt"/>
      <line num="4" count="1" type="stmt"/>
      <line num="5" count="1" type="stmt"/>
    </file>
    <file name="calculator.js" path="/Users/younghyun/projects/tdd-exercise/src/calculator.js">
      <metrics statements="35" coveredstatements="35" conditionals="8" coveredconditionals="8" methods="7" coveredmethods="7"/>
      <line num="1" count="1" type="stmt"/>
      <line num="2" count="1" type="cond" truecount="1" falsecount="0"/>
      <line num="3" count="10" type="stmt"/>
      <line num="4" count="10" type="stmt"/>
      <line num="5" count="1" type="stmt"/>
      <line num="6" count="1" type="cond" truecount="1" falsecount="0"/>
      <line num="7" count="6" type="stmt"/>
      <line num="8" count="6" type="stmt"/>
      <line num="9" count="1" type="stmt"/>
      <line num="10" count="1" type="cond" truecount="1" falsecount="0"/>
      <line num="11" count="1" type="stmt"/>
      <line num="12" count="1" type="stmt"/>
      <line num="13" count="1" type="stmt"/>
      <line num="14" count="1" type="cond" truecount="1" falsecount="0"/>
      <line num="15" count="2" type="stmt"/>
      <line num="16" count="2" type="cond" truecount="1" falsecount="0"/>
      <line num="17" count="1" type="stmt"/>
      <line num="18" count="1" type="stmt"/>
      <line num="19" count="1" type="stmt"/>
      <line num="20" count="1" type="stmt"/>
      <line num="21" count="1" type="stmt"/>
      <line num="22" count="1" type="cond" truecount="1" falsecount="0"/>
      <line num="23" count="1" type="stmt"/>
      <line num="24" count="1" type="stmt"/>
      <line num="25" count="1" type="stmt"/>
      <line num="26" count="1" type="cond" truecount="1" falsecount="0"/>
      <line num="27" count="1" type="stmt"/>
      <line num="28" count="1" type="stmt"/>
      <line num="29" count="1" type="stmt"/>
      <line num="30" count="1" type="cond" truecount="1" falsecount="0"/>
      <line num="31" count="3" type="stmt"/>
      <line num="32" count="3" type="stmt"/>
      <line num="33" count="1" type="stmt"/>
      <line num="34" count="1" type="stmt"/>
      <line num="35" count="1" type="stmt"/>
    </file>
  </project>
</coverage>
